<?xml version="1.0" encoding="UTF-8"?>
<testsuite name="com.fugger.helloTests.SampleTest" tests="2" failures="0" errors="0" timestamp="2014-12-15T13:49:49" hostname="Hotzenplotz" time="1.357">
  <properties/>
  <testcase name="beanTestTest" classname="com.fugger.helloTests.SampleTest" time="1.356"/>
  <testcase name="testPasses" classname="com.fugger.helloTests.SampleTest" time="0.0"/>
  <system-out><![CDATA[TEST
]]></system-out>
  <system-err><![CDATA[Dec 15, 2014 2:49:50 PM org.springframework.context.support.ClassPathXmlApplicationContext prepareRefresh
INFO: Refreshing org.springframework.context.support.ClassPathXmlApplicationContext@55c0bc14: startup date [Mon Dec 15 14:49:50 CET 2014]; root of context hierarchy
Dec 15, 2014 2:49:50 PM org.springframework.beans.factory.xml.XmlBeanDefinitionReader loadBeanDefinitions
INFO: Loading XML bean definitions from class path resource [bean2.xml]
]]></system-err>
</testsuite>
